{"uid":"1b8e7af5738f6e87","name":"verify_that_possible_to_create_a_new_author","fullName":"AuthorTests.verify_that_possible_to_create_a_new_author","historyId":"ed8c87e5d4d2fe0d4f438329d2403de","time":{"start":1727864756160,"stop":1727864756379,"duration":219},"status":"failed","statusMessage":"\nexpected: AuthorModel(firstName=First Name 27, id=27, idBook=9, lastName=Last Name 27)\n but was: AuthorModel(firstName=null, id=27, idBook=62, lastName=null)","statusTrace":"java.lang.AssertionError: \nexpected: AuthorModel(firstName=First Name 27, id=27, idBook=9, lastName=Last Name 27)\n but was: AuthorModel(firstName=null, id=27, idBook=62, lastName=null)\n\tat AuthorTests.verify_that_possible_to_create_a_new_author(AuthorTests.java:79)\n\tat java.base/jdk.internal.reflect.NativeMethodAccessorImpl.invoke0(Native Method)\n\tat java.base/jdk.internal.reflect.NativeMethodAccessorImpl.invoke(NativeMethodAccessorImpl.java:77)\n\tat java.base/jdk.internal.reflect.DelegatingMethodAccessorImpl.invoke(DelegatingMethodAccessorImpl.java:43)\n\tat java.base/java.lang.reflect.Method.invoke(Method.java:569)\n\tat org.testng.internal.invokers.MethodInvocationHelper.invokeMethod(MethodInvocationHelper.java:141)\n\tat org.testng.internal.invokers.TestInvoker.invokeMethod(TestInvoker.java:686)\n\tat org.testng.internal.invokers.TestInvoker.invokeTestMethod(TestInvoker.java:230)\n\tat org.testng.internal.invokers.MethodRunner.runInSequence(MethodRunner.java:63)\n\tat org.testng.internal.invokers.TestInvoker$MethodInvocationAgent.invoke(TestInvoker.java:992)\n\tat org.testng.internal.invokers.TestInvoker.invokeTestMethods(TestInvoker.java:203)\n\tat org.testng.internal.invokers.TestMethodWorker.invokeTestMethods(TestMethodWorker.java:154)\n\tat org.testng.internal.invokers.TestMethodWorker.run(TestMethodWorker.java:134)\n\tat java.base/java.util.concurrent.Executors$RunnableAdapter.call(Executors.java:539)\n\tat java.base/java.util.concurrent.FutureTask.run(FutureTask.java:264)\n\tat org.testng.internal.thread.graph.TestNGFutureTask.run(TestNGFutureTask.java:22)\n\tat java.base/java.util.concurrent.ThreadPoolExecutor.runWorker(ThreadPoolExecutor.java:1136)\n\tat java.base/java.util.concurrent.ThreadPoolExecutor$Worker.run(ThreadPoolExecutor.java:635)\n\tat java.base/java.lang.Thread.run(Thread.java:840)\n","flaky":false,"newFailed":false,"newBroken":false,"newPassed":false,"retriesCount":0,"retriesStatusChange":false,"beforeStages":[],"testStage":{"status":"failed","statusMessage":"\nexpected: AuthorModel(firstName=First Name 27, id=27, idBook=9, lastName=Last Name 27)\n but was: AuthorModel(firstName=null, id=27, idBook=62, lastName=null)","statusTrace":"java.lang.AssertionError: \nexpected: AuthorModel(firstName=First Name 27, id=27, idBook=9, lastName=Last Name 27)\n but was: AuthorModel(firstName=null, id=27, idBook=62, lastName=null)\n\tat AuthorTests.verify_that_possible_to_create_a_new_author(AuthorTests.java:79)\n\tat java.base/jdk.internal.reflect.NativeMethodAccessorImpl.invoke0(Native Method)\n\tat java.base/jdk.internal.reflect.NativeMethodAccessorImpl.invoke(NativeMethodAccessorImpl.java:77)\n\tat java.base/jdk.internal.reflect.DelegatingMethodAccessorImpl.invoke(DelegatingMethodAccessorImpl.java:43)\n\tat java.base/java.lang.reflect.Method.invoke(Method.java:569)\n\tat org.testng.internal.invokers.MethodInvocationHelper.invokeMethod(MethodInvocationHelper.java:141)\n\tat org.testng.internal.invokers.TestInvoker.invokeMethod(TestInvoker.java:686)\n\tat org.testng.internal.invokers.TestInvoker.invokeTestMethod(TestInvoker.java:230)\n\tat org.testng.internal.invokers.MethodRunner.runInSequence(MethodRunner.java:63)\n\tat org.testng.internal.invokers.TestInvoker$MethodInvocationAgent.invoke(TestInvoker.java:992)\n\tat org.testng.internal.invokers.TestInvoker.invokeTestMethods(TestInvoker.java:203)\n\tat org.testng.internal.invokers.TestMethodWorker.invokeTestMethods(TestMethodWorker.java:154)\n\tat org.testng.internal.invokers.TestMethodWorker.run(TestMethodWorker.java:134)\n\tat java.base/java.util.concurrent.Executors$RunnableAdapter.call(Executors.java:539)\n\tat java.base/java.util.concurrent.FutureTask.run(FutureTask.java:264)\n\tat org.testng.internal.thread.graph.TestNGFutureTask.run(TestNGFutureTask.java:22)\n\tat java.base/java.util.concurrent.ThreadPoolExecutor.runWorker(ThreadPoolExecutor.java:1136)\n\tat java.base/java.util.concurrent.ThreadPoolExecutor$Worker.run(ThreadPoolExecutor.java:635)\n\tat java.base/java.lang.Thread.run(Thread.java:840)\n","steps":[],"attachments":[{"uid":"d9711b212c0fa9db","name":"Request","source":"d9711b212c0fa9db.html","type":"text/html","size":352},{"uid":"4c2e490344d8fd76","name":"Response","source":"4c2e490344d8fd76.html","type":"text/html","size":485},{"uid":"4f019a6676f85935","name":"Request","source":"4f019a6676f85935.html","type":"text/html","size":187},{"uid":"3f0891ca4130fc3c","name":"Response","source":"3f0891ca4130fc3c.html","type":"text/html","size":525}],"parameters":[],"shouldDisplayMessage":true,"stepsCount":0,"attachmentsCount":4,"hasContent":true},"afterStages":[],"labels":[{"name":"package","value":"AuthorTests"},{"name":"testClass","value":"AuthorTests"},{"name":"testMethod","value":"verify_that_possible_to_create_a_new_author"},{"name":"parentSuite","value":"Test suite"},{"name":"suite","value":"Tests"},{"name":"subSuite","value":"AuthorTests"},{"name":"host","value":"fv-az1692-617"},{"name":"thread","value":"2102@fv-az1692-617.TestNG-test-Tests-1(20)"},{"name":"framework","value":"testng"},{"name":"language","value":"java"},{"name":"resultFormat","value":"allure2"}],"parameters":[{"name":"arg0","value":"AuthorModel(firstName=null, id=27, idBook=62, lastName=null)"}],"links":[],"hidden":false,"retry":false,"extra":{"severity":"normal","retries":[],"categories":[{"name":"Product defects","matchedStatuses":[],"flaky":false}],"tags":[]},"source":"1b8e7af5738f6e87.json","parameterValues":["AuthorModel(firstName=null, id=27, idBook=62, lastName=null)"]}