{"uid":"54b2a0fab37bacef","name":"verify_that_possible_to_create_a_new_author","fullName":"AuthorTests.verify_that_possible_to_create_a_new_author","historyId":"5dc416e42707fc2383d70abb935f1d8d","time":{"start":1727871533600,"stop":1727871533849,"duration":249},"status":"failed","statusMessage":"\nexpected: AuthorModel(firstName=First Name 39, id=39, idBook=12, lastName=Last Name 39)\n but was: AuthorModel(firstName=null, id=39, idBook=20, lastName=null)","statusTrace":"java.lang.AssertionError: \nexpected: AuthorModel(firstName=First Name 39, id=39, idBook=12, lastName=Last Name 39)\n but was: AuthorModel(firstName=null, id=39, idBook=20, lastName=null)\n\tat AuthorTests.verify_that_possible_to_create_a_new_author(AuthorTests.java:79)\n\tat java.base/jdk.internal.reflect.NativeMethodAccessorImpl.invoke0(Native Method)\n\tat java.base/jdk.internal.reflect.NativeMethodAccessorImpl.invoke(NativeMethodAccessorImpl.java:77)\n\tat java.base/jdk.internal.reflect.DelegatingMethodAccessorImpl.invoke(DelegatingMethodAccessorImpl.java:43)\n\tat java.base/java.lang.reflect.Method.invoke(Method.java:569)\n\tat org.testng.internal.invokers.MethodInvocationHelper.invokeMethod(MethodInvocationHelper.java:141)\n\tat org.testng.internal.invokers.TestInvoker.invokeMethod(TestInvoker.java:686)\n\tat org.testng.internal.invokers.TestInvoker.invokeTestMethod(TestInvoker.java:230)\n\tat org.testng.internal.invokers.MethodRunner.runInSequence(MethodRunner.java:63)\n\tat org.testng.internal.invokers.TestInvoker$MethodInvocationAgent.invoke(TestInvoker.java:992)\n\tat org.testng.internal.invokers.TestInvoker.invokeTestMethods(TestInvoker.java:203)\n\tat org.testng.internal.invokers.TestMethodWorker.invokeTestMethods(TestMethodWorker.java:154)\n\tat org.testng.internal.invokers.TestMethodWorker.run(TestMethodWorker.java:134)\n\tat java.base/java.util.concurrent.Executors$RunnableAdapter.call(Executors.java:539)\n\tat java.base/java.util.concurrent.FutureTask.run(FutureTask.java:264)\n\tat org.testng.internal.thread.graph.TestNGFutureTask.run(TestNGFutureTask.java:22)\n\tat java.base/java.util.concurrent.ThreadPoolExecutor.runWorker(ThreadPoolExecutor.java:1136)\n\tat java.base/java.util.concurrent.ThreadPoolExecutor$Worker.run(ThreadPoolExecutor.java:635)\n\tat java.base/java.lang.Thread.run(Thread.java:840)\n","flaky":false,"newFailed":false,"newBroken":false,"newPassed":false,"retriesCount":0,"retriesStatusChange":false,"beforeStages":[],"testStage":{"status":"failed","statusMessage":"\nexpected: AuthorModel(firstName=First Name 39, id=39, idBook=12, lastName=Last Name 39)\n but was: AuthorModel(firstName=null, id=39, idBook=20, lastName=null)","statusTrace":"java.lang.AssertionError: \nexpected: AuthorModel(firstName=First Name 39, id=39, idBook=12, lastName=Last Name 39)\n but was: AuthorModel(firstName=null, id=39, idBook=20, lastName=null)\n\tat AuthorTests.verify_that_possible_to_create_a_new_author(AuthorTests.java:79)\n\tat java.base/jdk.internal.reflect.NativeMethodAccessorImpl.invoke0(Native Method)\n\tat java.base/jdk.internal.reflect.NativeMethodAccessorImpl.invoke(NativeMethodAccessorImpl.java:77)\n\tat java.base/jdk.internal.reflect.DelegatingMethodAccessorImpl.invoke(DelegatingMethodAccessorImpl.java:43)\n\tat java.base/java.lang.reflect.Method.invoke(Method.java:569)\n\tat org.testng.internal.invokers.MethodInvocationHelper.invokeMethod(MethodInvocationHelper.java:141)\n\tat org.testng.internal.invokers.TestInvoker.invokeMethod(TestInvoker.java:686)\n\tat org.testng.internal.invokers.TestInvoker.invokeTestMethod(TestInvoker.java:230)\n\tat org.testng.internal.invokers.MethodRunner.runInSequence(MethodRunner.java:63)\n\tat org.testng.internal.invokers.TestInvoker$MethodInvocationAgent.invoke(TestInvoker.java:992)\n\tat org.testng.internal.invokers.TestInvoker.invokeTestMethods(TestInvoker.java:203)\n\tat org.testng.internal.invokers.TestMethodWorker.invokeTestMethods(TestMethodWorker.java:154)\n\tat org.testng.internal.invokers.TestMethodWorker.run(TestMethodWorker.java:134)\n\tat java.base/java.util.concurrent.Executors$RunnableAdapter.call(Executors.java:539)\n\tat java.base/java.util.concurrent.FutureTask.run(FutureTask.java:264)\n\tat org.testng.internal.thread.graph.TestNGFutureTask.run(TestNGFutureTask.java:22)\n\tat java.base/java.util.concurrent.ThreadPoolExecutor.runWorker(ThreadPoolExecutor.java:1136)\n\tat java.base/java.util.concurrent.ThreadPoolExecutor$Worker.run(ThreadPoolExecutor.java:635)\n\tat java.base/java.lang.Thread.run(Thread.java:840)\n","steps":[],"attachments":[{"uid":"8e1fe213cdeb7018","name":"Request","source":"8e1fe213cdeb7018.html","type":"text/html","size":352},{"uid":"b00e58eea27f1554","name":"Response","source":"b00e58eea27f1554.html","type":"text/html","size":485},{"uid":"7643188bbf5ab73e","name":"Request","source":"7643188bbf5ab73e.html","type":"text/html","size":187},{"uid":"d13921b8231b9843","name":"Response","source":"d13921b8231b9843.html","type":"text/html","size":526}],"parameters":[],"shouldDisplayMessage":true,"stepsCount":0,"attachmentsCount":4,"hasContent":true},"afterStages":[],"labels":[{"name":"package","value":"AuthorTests"},{"name":"testClass","value":"AuthorTests"},{"name":"testMethod","value":"verify_that_possible_to_create_a_new_author"},{"name":"parentSuite","value":"Test suite"},{"name":"suite","value":"Tests"},{"name":"subSuite","value":"AuthorTests"},{"name":"host","value":"fv-az1369-127"},{"name":"thread","value":"2110@fv-az1369-127.TestNG-test-Tests-3(22)"},{"name":"framework","value":"testng"},{"name":"language","value":"java"},{"name":"resultFormat","value":"allure2"}],"parameters":[{"name":"arg0","value":"AuthorModel(firstName=null, id=39, idBook=20, lastName=null)"}],"links":[],"hidden":false,"retry":false,"extra":{"severity":"normal","retries":[],"categories":[{"name":"Product defects","matchedStatuses":[],"flaky":false}],"tags":[]},"source":"54b2a0fab37bacef.json","parameterValues":["AuthorModel(firstName=null, id=39, idBook=20, lastName=null)"]}