{"uid":"790c8651643c73","name":"verify_that_get_author_by_id_endpoint_data","fullName":"AuthorTests.verify_that_get_author_by_id_endpoint_data","historyId":"9c01ce6c860407ee194360e13965268f","time":{"start":1727871532725,"stop":1727871532837,"duration":112},"status":"failed","statusMessage":"\nexpected: AuthorModel(firstName=First Name 205, id=205, idBook=68, lastName=Last Name 205)\n but was: AuthorModel(firstName=First Name 205, id=205, idBook=71, lastName=Last Name 205)","statusTrace":"java.lang.AssertionError: \nexpected: AuthorModel(firstName=First Name 205, id=205, idBook=68, lastName=Last Name 205)\n but was: AuthorModel(firstName=First Name 205, id=205, idBook=71, lastName=Last Name 205)\n\tat AuthorTests.verify_that_get_author_by_id_endpoint_data(AuthorTests.java:54)\n\tat java.base/jdk.internal.reflect.NativeMethodAccessorImpl.invoke0(Native Method)\n\tat java.base/jdk.internal.reflect.NativeMethodAccessorImpl.invoke(NativeMethodAccessorImpl.java:77)\n\tat java.base/jdk.internal.reflect.DelegatingMethodAccessorImpl.invoke(DelegatingMethodAccessorImpl.java:43)\n\tat java.base/java.lang.reflect.Method.invoke(Method.java:569)\n\tat org.testng.internal.invokers.MethodInvocationHelper.invokeMethod(MethodInvocationHelper.java:141)\n\tat org.testng.internal.invokers.TestInvoker.invokeMethod(TestInvoker.java:686)\n\tat org.testng.internal.invokers.TestInvoker.invokeTestMethod(TestInvoker.java:230)\n\tat org.testng.internal.invokers.MethodRunner.runInSequence(MethodRunner.java:63)\n\tat org.testng.internal.invokers.TestInvoker$MethodInvocationAgent.invoke(TestInvoker.java:992)\n\tat org.testng.internal.invokers.TestInvoker.invokeTestMethods(TestInvoker.java:203)\n\tat org.testng.internal.invokers.TestMethodWorker.invokeTestMethods(TestMethodWorker.java:154)\n\tat org.testng.internal.invokers.TestMethodWorker.run(TestMethodWorker.java:134)\n\tat java.base/java.util.concurrent.Executors$RunnableAdapter.call(Executors.java:539)\n\tat java.base/java.util.concurrent.FutureTask.run(FutureTask.java:264)\n\tat org.testng.internal.thread.graph.TestNGFutureTask.run(TestNGFutureTask.java:22)\n\tat java.base/java.util.concurrent.ThreadPoolExecutor.runWorker(ThreadPoolExecutor.java:1136)\n\tat java.base/java.util.concurrent.ThreadPoolExecutor$Worker.run(ThreadPoolExecutor.java:635)\n\tat java.base/java.lang.Thread.run(Thread.java:840)\n","flaky":false,"newFailed":false,"newBroken":false,"newPassed":false,"retriesCount":0,"retriesStatusChange":false,"beforeStages":[],"testStage":{"status":"failed","statusMessage":"\nexpected: AuthorModel(firstName=First Name 205, id=205, idBook=68, lastName=Last Name 205)\n but was: AuthorModel(firstName=First Name 205, id=205, idBook=71, lastName=Last Name 205)","statusTrace":"java.lang.AssertionError: \nexpected: AuthorModel(firstName=First Name 205, id=205, idBook=68, lastName=Last Name 205)\n but was: AuthorModel(firstName=First Name 205, id=205, idBook=71, lastName=Last Name 205)\n\tat AuthorTests.verify_that_get_author_by_id_endpoint_data(AuthorTests.java:54)\n\tat java.base/jdk.internal.reflect.NativeMethodAccessorImpl.invoke0(Native Method)\n\tat java.base/jdk.internal.reflect.NativeMethodAccessorImpl.invoke(NativeMethodAccessorImpl.java:77)\n\tat java.base/jdk.internal.reflect.DelegatingMethodAccessorImpl.invoke(DelegatingMethodAccessorImpl.java:43)\n\tat java.base/java.lang.reflect.Method.invoke(Method.java:569)\n\tat org.testng.internal.invokers.MethodInvocationHelper.invokeMethod(MethodInvocationHelper.java:141)\n\tat org.testng.internal.invokers.TestInvoker.invokeMethod(TestInvoker.java:686)\n\tat org.testng.internal.invokers.TestInvoker.invokeTestMethod(TestInvoker.java:230)\n\tat org.testng.internal.invokers.MethodRunner.runInSequence(MethodRunner.java:63)\n\tat org.testng.internal.invokers.TestInvoker$MethodInvocationAgent.invoke(TestInvoker.java:992)\n\tat org.testng.internal.invokers.TestInvoker.invokeTestMethods(TestInvoker.java:203)\n\tat org.testng.internal.invokers.TestMethodWorker.invokeTestMethods(TestMethodWorker.java:154)\n\tat org.testng.internal.invokers.TestMethodWorker.run(TestMethodWorker.java:134)\n\tat java.base/java.util.concurrent.Executors$RunnableAdapter.call(Executors.java:539)\n\tat java.base/java.util.concurrent.FutureTask.run(FutureTask.java:264)\n\tat org.testng.internal.thread.graph.TestNGFutureTask.run(TestNGFutureTask.java:22)\n\tat java.base/java.util.concurrent.ThreadPoolExecutor.runWorker(ThreadPoolExecutor.java:1136)\n\tat java.base/java.util.concurrent.ThreadPoolExecutor$Worker.run(ThreadPoolExecutor.java:635)\n\tat java.base/java.lang.Thread.run(Thread.java:840)\n","steps":[],"attachments":[{"uid":"c340c97d44e439e1","name":"Request","source":"c340c97d44e439e1.html","type":"text/html","size":189},{"uid":"6134a215630838ba","name":"Response","source":"6134a215630838ba.html","type":"text/html","size":529}],"parameters":[],"shouldDisplayMessage":true,"stepsCount":0,"attachmentsCount":2,"hasContent":true},"afterStages":[],"labels":[{"name":"package","value":"AuthorTests"},{"name":"testClass","value":"AuthorTests"},{"name":"testMethod","value":"verify_that_get_author_by_id_endpoint_data"},{"name":"parentSuite","value":"Test suite"},{"name":"suite","value":"Tests"},{"name":"subSuite","value":"AuthorTests"},{"name":"host","value":"fv-az1369-127"},{"name":"thread","value":"2110@fv-az1369-127.TestNG-test-Tests-1(20)"},{"name":"framework","value":"testng"},{"name":"language","value":"java"},{"name":"resultFormat","value":"allure2"}],"parameters":[{"name":"arg0","value":"AuthorModel(firstName=First Name 205, id=205, idBook=68, lastName=Last Name 205)"}],"links":[],"hidden":false,"retry":false,"extra":{"severity":"normal","retries":[],"categories":[{"name":"Product defects","matchedStatuses":[],"flaky":false}],"tags":[]},"source":"790c8651643c73.json","parameterValues":["AuthorModel(firstName=First Name 205, id=205, idBook=68, lastName=Last Name 205)"]}