{"uid":"d1605b077b9ad39d","name":"verify_http_bad_request_for_post_endpoint","fullName":"AuthorTests.verify_http_bad_request_for_post_endpoint","historyId":"8391723754df849aa72d9faafc0368f1","time":{"start":1727864754866,"stop":1727864754974,"duration":108},"status":"failed","statusMessage":"\nexpected: 400\n but was: 200","statusTrace":"java.lang.AssertionError: \nexpected: 400\n but was: 200\n\tat AuthorTests.verify_http_bad_request_for_post_endpoint(AuthorTests.java:86)\n\tat java.base/jdk.internal.reflect.NativeMethodAccessorImpl.invoke0(Native Method)\n\tat java.base/jdk.internal.reflect.NativeMethodAccessorImpl.invoke(NativeMethodAccessorImpl.java:77)\n\tat java.base/jdk.internal.reflect.DelegatingMethodAccessorImpl.invoke(DelegatingMethodAccessorImpl.java:43)\n\tat java.base/java.lang.reflect.Method.invoke(Method.java:569)\n\tat org.testng.internal.invokers.MethodInvocationHelper.invokeMethod(MethodInvocationHelper.java:141)\n\tat org.testng.internal.invokers.TestInvoker.invokeMethod(TestInvoker.java:686)\n\tat org.testng.internal.invokers.TestInvoker.invokeTestMethod(TestInvoker.java:230)\n\tat org.testng.internal.invokers.MethodRunner.runInSequence(MethodRunner.java:63)\n\tat org.testng.internal.invokers.TestInvoker$MethodInvocationAgent.invoke(TestInvoker.java:992)\n\tat org.testng.internal.invokers.TestInvoker.invokeTestMethods(TestInvoker.java:203)\n\tat org.testng.internal.invokers.TestMethodWorker.invokeTestMethods(TestMethodWorker.java:154)\n\tat org.testng.internal.invokers.TestMethodWorker.run(TestMethodWorker.java:134)\n\tat java.base/java.util.concurrent.Executors$RunnableAdapter.call(Executors.java:539)\n\tat java.base/java.util.concurrent.FutureTask.run(FutureTask.java:264)\n\tat org.testng.internal.thread.graph.TestNGFutureTask.run(TestNGFutureTask.java:22)\n\tat java.base/java.util.concurrent.ThreadPoolExecutor.runWorker(ThreadPoolExecutor.java:1136)\n\tat java.base/java.util.concurrent.ThreadPoolExecutor$Worker.run(ThreadPoolExecutor.java:635)\n\tat java.base/java.lang.Thread.run(Thread.java:840)\n","flaky":false,"newFailed":false,"newBroken":false,"newPassed":false,"retriesCount":0,"retriesStatusChange":false,"beforeStages":[],"testStage":{"status":"failed","statusMessage":"\nexpected: 400\n but was: 200","statusTrace":"java.lang.AssertionError: \nexpected: 400\n but was: 200\n\tat AuthorTests.verify_http_bad_request_for_post_endpoint(AuthorTests.java:86)\n\tat java.base/jdk.internal.reflect.NativeMethodAccessorImpl.invoke0(Native Method)\n\tat java.base/jdk.internal.reflect.NativeMethodAccessorImpl.invoke(NativeMethodAccessorImpl.java:77)\n\tat java.base/jdk.internal.reflect.DelegatingMethodAccessorImpl.invoke(DelegatingMethodAccessorImpl.java:43)\n\tat java.base/java.lang.reflect.Method.invoke(Method.java:569)\n\tat org.testng.internal.invokers.MethodInvocationHelper.invokeMethod(MethodInvocationHelper.java:141)\n\tat org.testng.internal.invokers.TestInvoker.invokeMethod(TestInvoker.java:686)\n\tat org.testng.internal.invokers.TestInvoker.invokeTestMethod(TestInvoker.java:230)\n\tat org.testng.internal.invokers.MethodRunner.runInSequence(MethodRunner.java:63)\n\tat org.testng.internal.invokers.TestInvoker$MethodInvocationAgent.invoke(TestInvoker.java:992)\n\tat org.testng.internal.invokers.TestInvoker.invokeTestMethods(TestInvoker.java:203)\n\tat org.testng.internal.invokers.TestMethodWorker.invokeTestMethods(TestMethodWorker.java:154)\n\tat org.testng.internal.invokers.TestMethodWorker.run(TestMethodWorker.java:134)\n\tat java.base/java.util.concurrent.Executors$RunnableAdapter.call(Executors.java:539)\n\tat java.base/java.util.concurrent.FutureTask.run(FutureTask.java:264)\n\tat org.testng.internal.thread.graph.TestNGFutureTask.run(TestNGFutureTask.java:22)\n\tat java.base/java.util.concurrent.ThreadPoolExecutor.runWorker(ThreadPoolExecutor.java:1136)\n\tat java.base/java.util.concurrent.ThreadPoolExecutor$Worker.run(ThreadPoolExecutor.java:635)\n\tat java.base/java.lang.Thread.run(Thread.java:840)\n","steps":[],"attachments":[{"uid":"b75d70ca003e2a19","name":"Request","source":"b75d70ca003e2a19.html","type":"text/html","size":886},{"uid":"6827c17552429ae5","name":"Response","source":"6827c17552429ae5.html","type":"text/html","size":699}],"parameters":[],"shouldDisplayMessage":true,"stepsCount":0,"attachmentsCount":2,"hasContent":true},"afterStages":[],"labels":[{"name":"package","value":"AuthorTests"},{"name":"testClass","value":"AuthorTests"},{"name":"testMethod","value":"verify_http_bad_request_for_post_endpoint"},{"name":"parentSuite","value":"Test suite"},{"name":"suite","value":"Tests"},{"name":"subSuite","value":"AuthorTests"},{"name":"host","value":"fv-az1692-617"},{"name":"thread","value":"2102@fv-az1692-617.TestNG-test-Tests-2(21)"},{"name":"framework","value":"testng"},{"name":"language","value":"java"},{"name":"resultFormat","value":"allure2"}],"parameters":[{"name":"arg0","value":"AuthorModel(firstName=CsJdtYPCsppOMSfOxDjndZbmsVRjPTviDIHViaOohOuujCDmPEgyxsuQshzmcvxftKWAaaDcFXaDHdKbVexBwMOcwrTgBcKNNJPH, id=0, idBook=0, lastName=HGEppfoQZbgFkRYlhcfnTCtZNZryBklHsbyMLiiFHuUCoFGIedOOriqrWhlgzibAaJrAkIsKWFuPAnGbKxOlnUOPpKqfahteFMio)"}],"links":[],"hidden":false,"retry":false,"extra":{"severity":"normal","retries":[],"categories":[{"name":"Product defects","matchedStatuses":[],"flaky":false}],"tags":[]},"source":"d1605b077b9ad39d.json","parameterValues":["AuthorModel(firstName=CsJdtYPCsppOMSfOxDjndZbmsVRjPTviDIHViaOohOuujCDmPEgyxsuQshzmcvxftKWAaaDcFXaDHdKbVexBwMOcwrTgBcKNNJPH, id=0, idBook=0, lastName=HGEppfoQZbgFkRYlhcfnTCtZNZryBklHsbyMLiiFHuUCoFGIedOOriqrWhlgzibAaJrAkIsKWFuPAnGbKxOlnUOPpKqfahteFMio)"]}