{"uid":"e859edee07d97aff","name":"verify_that_possible_to_delete_a_new_author","fullName":"AuthorTests.verify_that_possible_to_delete_a_new_author","historyId":"357072405b21dd1f8975625127ac55ac","time":{"start":1727864755843,"stop":1727864756060,"duration":217},"status":"failed","statusMessage":"[Status code is not as expected] \nexpected: 404\n but was: 200","statusTrace":"java.lang.AssertionError: [Status code is not as expected] \nexpected: 404\n but was: 200\n\tat http.ApiCaller.execute(ApiCaller.java:19)\n\tat http.author.AuthorRestHelper.getAuthorById(AuthorRestHelper.java:32)\n\tat AuthorTests.verify_that_possible_to_delete_a_new_author(AuthorTests.java:122)\n\tat java.base/jdk.internal.reflect.NativeMethodAccessorImpl.invoke0(Native Method)\n\tat java.base/jdk.internal.reflect.NativeMethodAccessorImpl.invoke(NativeMethodAccessorImpl.java:77)\n\tat java.base/jdk.internal.reflect.DelegatingMethodAccessorImpl.invoke(DelegatingMethodAccessorImpl.java:43)\n\tat java.base/java.lang.reflect.Method.invoke(Method.java:569)\n\tat org.testng.internal.invokers.MethodInvocationHelper.invokeMethod(MethodInvocationHelper.java:141)\n\tat org.testng.internal.invokers.TestInvoker.invokeMethod(TestInvoker.java:686)\n\tat org.testng.internal.invokers.TestInvoker.invokeTestMethod(TestInvoker.java:230)\n\tat org.testng.internal.invokers.MethodRunner.runInSequence(MethodRunner.java:63)\n\tat org.testng.internal.invokers.TestInvoker$MethodInvocationAgent.invoke(TestInvoker.java:992)\n\tat org.testng.internal.invokers.TestInvoker.invokeTestMethods(TestInvoker.java:203)\n\tat org.testng.internal.invokers.TestMethodWorker.invokeTestMethods(TestMethodWorker.java:154)\n\tat org.testng.internal.invokers.TestMethodWorker.run(TestMethodWorker.java:134)\n\tat java.base/java.util.concurrent.Executors$RunnableAdapter.call(Executors.java:539)\n\tat java.base/java.util.concurrent.FutureTask.run(FutureTask.java:264)\n\tat org.testng.internal.thread.graph.TestNGFutureTask.run(TestNGFutureTask.java:22)\n\tat java.base/java.util.concurrent.ThreadPoolExecutor.runWorker(ThreadPoolExecutor.java:1136)\n\tat java.base/java.util.concurrent.ThreadPoolExecutor$Worker.run(ThreadPoolExecutor.java:635)\n\tat java.base/java.lang.Thread.run(Thread.java:840)\n","flaky":false,"newFailed":false,"newBroken":false,"newPassed":false,"retriesCount":0,"retriesStatusChange":false,"beforeStages":[],"testStage":{"status":"failed","statusMessage":"[Status code is not as expected] \nexpected: 404\n but was: 200","statusTrace":"java.lang.AssertionError: [Status code is not as expected] \nexpected: 404\n but was: 200\n\tat http.ApiCaller.execute(ApiCaller.java:19)\n\tat http.author.AuthorRestHelper.getAuthorById(AuthorRestHelper.java:32)\n\tat AuthorTests.verify_that_possible_to_delete_a_new_author(AuthorTests.java:122)\n\tat java.base/jdk.internal.reflect.NativeMethodAccessorImpl.invoke0(Native Method)\n\tat java.base/jdk.internal.reflect.NativeMethodAccessorImpl.invoke(NativeMethodAccessorImpl.java:77)\n\tat java.base/jdk.internal.reflect.DelegatingMethodAccessorImpl.invoke(DelegatingMethodAccessorImpl.java:43)\n\tat java.base/java.lang.reflect.Method.invoke(Method.java:569)\n\tat org.testng.internal.invokers.MethodInvocationHelper.invokeMethod(MethodInvocationHelper.java:141)\n\tat org.testng.internal.invokers.TestInvoker.invokeMethod(TestInvoker.java:686)\n\tat org.testng.internal.invokers.TestInvoker.invokeTestMethod(TestInvoker.java:230)\n\tat org.testng.internal.invokers.MethodRunner.runInSequence(MethodRunner.java:63)\n\tat org.testng.internal.invokers.TestInvoker$MethodInvocationAgent.invoke(TestInvoker.java:992)\n\tat org.testng.internal.invokers.TestInvoker.invokeTestMethods(TestInvoker.java:203)\n\tat org.testng.internal.invokers.TestMethodWorker.invokeTestMethods(TestMethodWorker.java:154)\n\tat org.testng.internal.invokers.TestMethodWorker.run(TestMethodWorker.java:134)\n\tat java.base/java.util.concurrent.Executors$RunnableAdapter.call(Executors.java:539)\n\tat java.base/java.util.concurrent.FutureTask.run(FutureTask.java:264)\n\tat org.testng.internal.thread.graph.TestNGFutureTask.run(TestNGFutureTask.java:22)\n\tat java.base/java.util.concurrent.ThreadPoolExecutor.runWorker(ThreadPoolExecutor.java:1136)\n\tat java.base/java.util.concurrent.ThreadPoolExecutor$Worker.run(ThreadPoolExecutor.java:635)\n\tat java.base/java.lang.Thread.run(Thread.java:840)\n","steps":[],"attachments":[{"uid":"55b7e4bf074ebc64","name":"Request","source":"55b7e4bf074ebc64.html","type":"text/html","size":195},{"uid":"f1e910fcebabb813","name":"Response","source":"f1e910fcebabb813.html","type":"text/html","size":310},{"uid":"1cb5f4736b44e454","name":"Request","source":"1cb5f4736b44e454.html","type":"text/html","size":189},{"uid":"a798a3cafc713002","name":"Response","source":"a798a3cafc713002.html","type":"text/html","size":529}],"parameters":[],"shouldDisplayMessage":true,"stepsCount":0,"attachmentsCount":4,"hasContent":true},"afterStages":[],"labels":[{"name":"package","value":"AuthorTests"},{"name":"testClass","value":"AuthorTests"},{"name":"testMethod","value":"verify_that_possible_to_delete_a_new_author"},{"name":"parentSuite","value":"Test suite"},{"name":"suite","value":"Tests"},{"name":"subSuite","value":"AuthorTests"},{"name":"host","value":"fv-az1692-617"},{"name":"thread","value":"2102@fv-az1692-617.TestNG-test-Tests-2(21)"},{"name":"framework","value":"testng"},{"name":"language","value":"java"},{"name":"resultFormat","value":"allure2"}],"parameters":[{"name":"arg0","value":"AuthorModel(firstName=First Name 146, id=146, idBook=48, lastName=Last Name 146)"}],"links":[],"hidden":false,"retry":false,"extra":{"severity":"normal","retries":[],"categories":[{"name":"Product defects","matchedStatuses":[],"flaky":false}],"tags":[]},"source":"e859edee07d97aff.json","parameterValues":["AuthorModel(firstName=First Name 146, id=146, idBook=48, lastName=Last Name 146)"]}